<?xml version="1.0" encoding="UTF-8"?>
<testsuite xmlns:xsi="http://www.w3.org/2001/XMLSchema-instance" xsi:noNamespaceSchemaLocation="https://maven.apache.org/surefire/maven-surefire-plugin/xsd/surefire-test-report.xsd" version="3.0.2" name="greenpulse.ecocrops.ecocrops.EcocropsApplicationTests" time="16.472" tests="1" errors="0" skipped="0" failures="0">
  <properties>
[...]
</properties>
  <testcase name="contextLoads" classname="greenpulse.ecocrops.ecocrops.EcocropsApplicationTests" time="0.92">
    <system-out><![CDATA[22:31:32.060 [main] INFO org.springframework.test.context.support.AnnotationConfigContextLoaderUtils -- Could not detect default configuration classes for test class [greenpulse.ecocrops.ecocrops.EcocropsApplicationTests]: EcocropsApplicationTests does not declare any static, non-private, non-final, nested classes annotated with @Configuration.
22:31:32.348 [main] INFO org.springframework.boot.test.context.SpringBootTestContextBootstrapper -- Found @SpringBootConfiguration greenpulse.ecocrops.ecocrops.EcocropsApplication for test class greenpulse.ecocrops.ecocrops.EcocropsApplicationTests
22:31:32.738 [main] INFO org.springframework.boot.devtools.restart.RestartApplicationListener -- Restart disabled due to context in which it is running

  .   ____          _            __ _ _
 /\\ / ___'_ __ _ _(_)_ __  __ _ \ \ \ \
( ( )\___ | '_ | '_| | '_ \/ _` | \ \ \ \
 \\/  ___)| |_)| | | | | || (_| |  ) ) ) )
  '  |____| .__|_| |_|_| |_\__, | / / / /
 =========|_|==============|___/=/_/_/_/

 :: Spring Boot ::                (v3.4.1)

2025-02-04T22:31:33.458Z  INFO 23836 --- [ecocrops] [           main] g.e.ecocrops.EcocropsApplicationTests    : Starting EcocropsApplicationTests using Java 21.0.5 with PID 23836 (started by HP in c:\Users\HP\Documents\Arib\Hackathons\GreenPulse\greenPulse-back-end)
2025-02-04T22:31:33.458Z  INFO 23836 --- [ecocrops] [           main] g.e.ecocrops.EcocropsApplicationTests    : No active profile set, falling back to 1 default profile: "default"
2025-02-04T22:31:35.704Z  INFO 23836 --- [ecocrops] [           main] .s.d.r.c.RepositoryConfigurationDelegate : Bootstrapping Spring Data JPA repositories in DEFAULT mode.
2025-02-04T22:31:35.934Z  INFO 23836 --- [ecocrops] [           main] .s.d.r.c.RepositoryConfigurationDelegate : Finished Spring Data repository scanning in 210 ms. Found 12 JPA repository interfaces.
2025-02-04T22:31:37.621Z  INFO 23836 --- [ecocrops] [           main] o.hibernate.jpa.internal.util.LogHelper  : HHH000204: Processing PersistenceUnitInfo [name: default]
2025-02-04T22:31:37.805Z  INFO 23836 --- [ecocrops] [           main] org.hibernate.Version                    : HHH000412: Hibernate ORM core version 6.6.4.Final
2025-02-04T22:31:37.899Z  INFO 23836 --- [ecocrops] [           main] o.h.c.internal.RegionFactoryInitiator    : HHH000026: Second-level cache disabled
2025-02-04T22:31:38.821Z  INFO 23836 --- [ecocrops] [           main] o.s.o.j.p.SpringPersistenceUnitInfo      : No LoadTimeWeaver setup: ignoring JPA class transformer
2025-02-04T22:31:38.871Z  INFO 23836 --- [ecocrops] [           main] com.zaxxer.hikari.HikariDataSource       : HikariPool-1 - Starting...
2025-02-04T22:31:39.196Z  INFO 23836 --- [ecocrops] [           main] com.zaxxer.hikari.pool.HikariPool        : HikariPool-1 - Added connection com.mysql.cj.jdbc.ConnectionImpl@1dd76982
2025-02-04T22:31:39.196Z  INFO 23836 --- [ecocrops] [           main] com.zaxxer.hikari.HikariDataSource       : HikariPool-1 - Start completed.
2025-02-04T22:31:39.284Z  WARN 23836 --- [ecocrops] [           main] org.hibernate.dialect.Dialect            : HHH000511: The 5.5.5 version for [org.hibernate.dialect.MySQLDialect] is no longer supported, hence certain features may not work properly. The minimum supported version is 8.0.0. Check the community dialects project for available legacy versions.
2025-02-04T22:31:39.326Z  INFO 23836 --- [ecocrops] [           main] org.hibernate.orm.connections.pooling    : HHH10001005: Database info:
	Database JDBC URL [Connecting through datasource 'HikariDataSource (HikariPool-1)']
	Database driver: undefined/unknown
	Database version: 5.5.5
	Autocommit mode: undefined/unknown
	Isolation level: undefined/unknown
	Minimum pool size: undefined/unknown
	Maximum pool size: undefined/unknown
2025-02-04T22:31:41.453Z  INFO 23836 --- [ecocrops] [           main] o.h.e.t.j.p.i.JtaPlatformInitiator       : HHH000489: No JTA platform available (set 'hibernate.transaction.jta.platform' to enable JTA platform integration)
2025-02-04T22:31:41.676Z  INFO 23836 --- [ecocrops] [           main] j.LocalContainerEntityManagerFactoryBean : Initialized JPA EntityManagerFactory for persistence unit 'default'
2025-02-04T22:31:43.375Z  WARN 23836 --- [ecocrops] [           main] JpaBaseConfiguration$JpaWebConfiguration : spring.jpa.open-in-view is enabled by default. Therefore, database queries may be performed during view rendering. Explicitly configure spring.jpa.open-in-view to disable this warning
2025-02-04T22:31:43.515Z  WARN 23836 --- [ecocrops] [           main] .s.s.UserDetailsServiceAutoConfiguration : 

Using generated security password: 07c90557-2256-490d-bc30-46017908b191

This generated password is for development use only. Your security configuration must be updated before running your application in production.

2025-02-04T22:31:43.555Z  INFO 23836 --- [ecocrops] [           main] r$InitializeUserDetailsManagerConfigurer : Global AuthenticationManager configured with UserDetailsService bean with name inMemoryUserDetailsManager
2025-02-04T22:31:43.754Z  INFO 23836 --- [ecocrops] [           main] g.e.e.config.SecurityConfiguration       : Applying security rules...
2025-02-04T22:31:44.907Z  INFO 23836 --- [ecocrops] [           main] o.s.b.a.e.web.EndpointLinksResolver      : Exposing 1 endpoint beneath base path '/actuator'
2025-02-04T22:31:46.849Z  INFO 23836 --- [ecocrops] [           main] g.e.ecocrops.EcocropsApplicationTests    : Started EcocropsApplicationTests in 14.156 seconds (process running for 16.541)
]]></system-out>
    <system-err><![CDATA[Mockito is currently self-attaching to enable the inline-mock-maker. This will no longer work in future releases of the JDK. Please add Mockito as an agent to your build what is described in Mockito's documentation: https://javadoc.io/doc/org.mockito/mockito-core/latest/org/mockito/Mockito.html#0.3
WARNING: A Java agent has been loaded dynamically (C:\Users\HP\.m2\repository\net\bytebuddy\byte-buddy-agent\1.15.11\byte-buddy-agent-1.15.11.jar)
WARNING: If a serviceability tool is in use, please run with -XX:+EnableDynamicAgentLoading to hide this warning
WARNING: If a serviceability tool is not in use, please run with -Djdk.instrument.traceUsage for more information
WARNING: Dynamic loading of agents will be disallowed by default in a future release
]]></system-err>
  </testcase>
</testsuite>